5343330068570000045D0000
53433300281A0000981B0000
5343330054140000A4150000
53433300081600009C170000
53433300BC1B0000701D0000
53433300D022000014250000
53433300B41E000090200000
53433300E016000020180000
534333001C0F00000C100000
5343330088220000E4240000
534333002823000090250000
534333006C04000094040000
53433300601C00003C1E0000
534333004454000070590000
53433300B8240000F8260000
5343330090290000E82B0000
534333004400000044000000
53433300F002000004030000
5343330084380000E03B0000
534333009014000014160000
53433300EC1900008C1B0000
534333002C330000D0360000
534333002004000048040000
534333007C2F00001C320000
534333003812000074130000
53433300A80C00008C0D0000
53433300B0020000C8020000
53433300D8290000942C0000
534333000816000024170000
5343330080390000103D0000
53433300EC2F000054330000
534333005C32000070360000
53433300783C000078400000
534333004802000060020000
53433300A4100000C4110000
53433300E41D0000E81F0000
53433300F40A0000C80B0000
53433300680E0000880F0000
53433300A815000030170000
53433300A8180000381A0000
53433300C4340000A0380000
53433300141E00003C200000
534333000C1E0000DC1F0000
53433300EC180000741A0000
53433300980D00005C0E0000
53433300602C00004C2F0000
534333000C13000008140000
534333001C11000010120000
53433300BC0B0000840C0000
534333005C180000C4190000
534333009C17000018190000
53433300CC100000C0110000
53433300904500009C490000
53433300D017000040190000
53433300801B0000001D0000
53433300D8100000BC110000
53433300440A0000E80A0000
534333005C30000050330000
5343330058180000081A0000
53433300F40E0000D40F0000
534333007C0E0000180F0000
5343330088280000002B0000
53433300A410000070110000
53433300F4130000F4140000
534333007C170000B4180000
534333002C05000050050000
534333005C170000A0180000
53433300941C0000301E0000
53433300582C0000AC2E0000
53433300501F0000DC200000
534333000C07000084070000
53433300D40900008C0A0000
53433300CC310000D0350000
53433300281B00000C1D0000
53433300700B0000100C0000
534333005C190000341B0000
53433300440F000038100000
534333006811000058120000
5343330070250000B4270000
534333002C090000C4090000
53433300A41C0000441E0000
53433300440A0000F80A0000
534333001400000014000000
53433300AC260000AC290000
53433300A41E000090200000
53433300F015000064170000
53433300F41C0000C41E0000
534333006C1000007C110000
534333009C0F0000DC100000
53433300D41B0000981D0000
53433300041C0000B81D0000
534333001006000080060000
53433300A8180000641A0000
53433300A81A0000541C0000
53433300642500006C280000
5343330090130000BC140000
53433300E014000000160000
53433300B025000080280000
534333003C2C0000682F0000
5343330080070000EC070000
53433300D0190000CC1B0000
5343330030150000BC160000
53433300CC3A0000483F0000
534333000825000098270000
534333000C330000B8360000
534333000816000094170000
534333009022000004250000
534333008C130000F4140000
5343330058270000182A0000
53433300F4350000B8390000
53433300984600006C4B0000
534333008026000024290000
534333009C120000E0130000
53433300A41E0000A0200000
5343330070150000E4160000
53433300F8100000DC110000
534333004C150000B8160000
53433300300F000018100000
53433300203800004C3B0000
53433300F00B00009C0C0000
5343330004260000B4280000
534333003C0D0000240E0000
5343330064210000C8230000
53433300842C00005C300000
5343330014100000E4100000
534333003C120000A0130000
534333003414000094150000
53433300A8190000881B0000
5343330064150000E4160000
53433300A441000000460000
53433300E013000038150000
5343330094180000301A0000
534333000413000044140000
53433300EC0E0000DC0F0000
53433300F41600009C180000
534333003C14000008160000
53433300542900006C2C0000
534333003C2F000010330000
53433300540E0000440F0000
53433300FC270000A42A0000
5343330090140000D0150000
53433300684300006C470000
5343330030380000943B0000
53433300B4190000681B0000
534333009430000068330000
53433300E008000074090000
53433300F0230000A4260000
53433300B41D0000EC1F0000
53433300EC23000084260000
53433300E81C00008C1E0000
53433300EC280000802B0000
53433300F4290000182D0000
53433300701900002C1B0000
534333006036000050390000
53433300140600007C060000
5343330018190000B41A0000
534333004C180000E4190000
5343330040140000E0150000
53433300D41000002C120000
53433300F43B000000400000
53433300880F0000A8100000
53433300E8130000A4150000
53433300D02E000014320000
534333003C1A0000901B0000
534333001C430000B0470000
534333006C220000A4240000
5343330090230000BC250000
53433300D41D0000901F0000
534333006C380000CC3B0000
53433300D835000064390000
5343330028050000B8050000
534333001C32010058320100
53433300407D0000687D0000
534333006C20000070200000
53433300C00C000004150000
53433300B05A0000F49A0000
53433300605B0000B07B0000
53433300F8080000F8080000
534333007856000054580000
53433300BC11000090150000
53433300900B0000A81B0000
